================================================Erreur phase de programmation======================================


2024-03-28 16:50:59 Erreur : SQLSTATE[23000]: Integrity constraint violation: 1062 Duplicate entry 'John Mayer' for key 'name' (Code d'erreur : 23000)
2024-03-28 16:51:40 Erreur : SQLSTATE[23000]: Integrity constraint violation: 1062 Duplicate entry '0k17h0D3J5VfsdmQ1iZtE9' for key 'PRIMARY' (Code d'erreur : 23000)
28-03-2024 16:52:22 Erreur : SQLSTATE[23000]: Integrity constraint violation: 1062 Duplicate entry '0hEurMDQu99nJRq8pTxO14' for key 'PRIMARY' (Code d'erreur : 23000)
28-03-2024 19:41:25 Erreur : SQLSTATE[23000]: Integrity constraint violation: 1062 Duplicate entry 'John Mayer' for key 'name' (Code d'erreur : 23000)
28-03-2024 19:45:02 Erreur : SQLSTATE[23000]: Integrity constraint violation: 1062 Duplicate entry 'John Mayer' for key 'name' (Code d'erreur : 23000)
28-03-2024 19:52:11 Erreur : SQLSTATE[23000]: Integrity constraint violation: 1062 Duplicate entry 'John Mayer' for key 'name' (Code d'erreur : 23000)
28-03-2024 20:08:38 Erreur : SQLSTATE[23000]: Integrity constraint violation: 1062 Duplicate entry '0k17h0D3J5VfsdmQ1iZtE9' for key 'PRIMARY' (Code d'erreur : 23000)
28-03-2024 20:09:18 Erreur : SQLSTATE[23000]: Integrity constraint violation: 1062 Duplicate entry '0k17h0D3J5VfsdmQ1iZtE9' for key 'PRIMARY' (Code d'erreur : 23000)
28-03-2024 20:10:29 Erreur : SQLSTATE[23000]: Integrity constraint violation: 1062 Duplicate entry '0k17h0D3J5VfsdmQ1iZtE9' for key 'PRIMARY' (Code d'erreur : 23000)
28-03-2024 20:10:38 Erreur : SQLSTATE[23000]: Integrity constraint violation: 1062 Duplicate entry '0k17h0D3J5VfsdmQ1iZtE9' for key 'PRIMARY' (Code d'erreur : 23000)
28-03-2024 20:15:59 Erreur : SQLSTATE[23000]: Integrity constraint violation: 1062 Duplicate entry '0k17h0D3J5VfsdmQ1iZtE9' for key 'PRIMARY' (Code d'erreur : 23000)
29-03-2024 10:48:13 Erreur : SQLSTATE[HY000] [2002] Aucune connexion n’a pu être établie car l’ordinateur cible l’a expressément refusée (Code d'erreur : 2002)
29-03-2024 14:22:42 Erreur : SQLSTATE[HY000] [2002] Aucune connexion n’a pu être établie car l’ordinateur cible l’a expressément refusée (Code d'erreur : 2002)
29-03-2024 14:27:07 Erreur : SQLSTATE[HY000] [2002] Aucune connexion n’a pu être établie car l’ordinateur cible l’a expressément refusée (Code d'erreur : 2002)
29-03-2024 14:30:05 Erreur : SQLSTATE[HY000] [2002] Aucune connexion n’a pu être établie car l’ordinateur cible l’a expressément refusée (Code d'erreur : 2002)
29-03-2024 14:30:25 Erreur : SQLSTATE[HY000] [2002] Aucune connexion n’a pu être établie car l’ordinateur cible l’a expressément refusée (Code d'erreur : 2002)
29-03-2024 14:30:29 Erreur : SQLSTATE[HY000] [2002] Aucune connexion n’a pu être établie car l’ordinateur cible l’a expressément refusée (Code d'erreur : 2002)
29-03-2024 14:30:57 Erreur : SQLSTATE[HY000] [2002] Aucune connexion n’a pu être établie car l’ordinateur cible l’a expressément refusée (Code d'erreur : 2002)
29-03-2024 14:32:09 Erreur : SQLSTATE[HY000] [2002] Aucune connexion n’a pu être établie car l’ordinateur cible l’a expressément refusée (Code d'erreur : 2002)
29-03-2024 14:32:13 Erreur : SQLSTATE[HY000] [2002] Aucune connexion n’a pu être établie car l’ordinateur cible l’a expressément refusée (Code d'erreur : 2002)
29-03-2024 15:06:37 Erreur : SQLSTATE[HY000] [2002] Aucune connexion n’a pu être établie car l’ordinateur cible l’a expressément refusée (Code d'erreur : 2002)
29-03-2024 15:09:01 Erreur : SQLSTATE[HY000] [2002] Aucune connexion n’a pu être établie car l’ordinateur cible l’a expressément refusée (Code d'erreur : 2002)
29-03-2024 15:09:05 Erreur : SQLSTATE[HY000] [2002] Aucune connexion n’a pu être établie car l’ordinateur cible l’a expressément refusée (Code d'erreur : 2002)
29-03-2024 15:10:52 Erreur : SQLSTATE[HY000] [2002] Aucune connexion n’a pu être établie car l’ordinateur cible l’a expressément refusée (Code d'erreur : 2002)
29-03-2024 15:13:07 Erreur : SQLSTATE[HY000] [2002] Aucune connexion n’a pu être établie car l’ordinateur cible l’a expressément refusée (Code d'erreur : 2002)
29-03-2024 15:13:57 Erreur : SQLSTATE[HY000] [2002] Aucune connexion n’a pu être établie car l’ordinateur cible l’a expressément refusée (Code d'erreur : 2002)
29-03-2024 15:39:40 Erreur : SQLSTATE[23000]: Integrity constraint violation: 1062 Duplicate entry 'ewen' for key 'pseudo' (Code d'erreur : 23000)
29-03-2024 15:40:11 Erreur : SQLSTATE[23000]: Integrity constraint violation: 1062 Duplicate entry 'ewen' for key 'pseudo' (Code d'erreur : 23000)
29-03-2024 15:41:39 Erreur : SQLSTATE[23000]: Integrity constraint violation: 1062 Duplicate entry 'ewen' for key 'pseudo' (Code d'erreur : 23000)
29-03-2024 15:44:00 Erreur : SQLSTATE[23000]: Integrity constraint violation: 1062 Duplicate entry 'ewen' for key 'pseudo' (Code d'erreur : 23000)
29-03-2024 15:48:20 Erreur : SQLSTATE[23000]: Integrity constraint violation: 1062 Duplicate entry 'ewen' for key 'pseudo' (Code d'erreur : 23000)
29-03-2024 15:54:58 Erreur : SQLSTATE[23000]: Integrity constraint violation: 1062 Duplicate entry 'ewen' for key 'pseudo' (Code d'erreur : 23000)
29-03-2024 15:54:58 Erreur : SQLSTATE[23000]: Integrity constraint violation: 1062 Duplicate entry 'ewen' for key 'pseudo' (Code d'erreur : 23000)
29-03-2024 15:55:18 Erreur : SQLSTATE[23000]: Integrity constraint violation: 1062 Duplicate entry 'ewen' for key 'pseudo' (Code d'erreur : 23000)
29-03-2024 15:55:18 Erreur : SQLSTATE[23000]: Integrity constraint violation: 1062 Duplicate entry 'ewen' for key 'pseudo' (Code d'erreur : 23000)
29-03-2024 16:06:06 Erreur : SQLSTATE[23000]: Integrity constraint violation: 1062 Duplicate entry 'ewen' for key 'pseudo' (Code d'erreur : 23000)
29-03-2024 16:06:16 Erreur : SQLSTATE[23000]: Integrity constraint violation: 1062 Duplicate entry 'ewen' for key 'pseudo' (Code d'erreur : 23000)
29-03-2024 16:08:14 Erreur : SQLSTATE[23000]: Integrity constraint violation: 1062 Duplicate entry 'ewen' for key 'pseudo' (Code d'erreur : 23000)
29-03-2024 16:10:16 Erreur : SQLSTATE[23000]: Integrity constraint violation: 1062 Duplicate entry 'ewen' for key 'pseudo' (Code d'erreur : 23000)
29-03-2024 16:11:26 Erreur : SQLSTATE[23000]: Integrity constraint violation: 1062 Duplicate entry 'azea' for key 'pseudo' (Code d'erreur : 23000)
29-03-2024 16:14:03 Erreur : SQLSTATE[23000]: Integrity constraint violation: 1062 Duplicate entry '0hEurMDQu99nJRq8pTxO14' for key 'PRIMARY' (Code d'erreur : 23000)
29-03-2024 16:17:16 Erreur : SQLSTATE[23000]: Integrity constraint violation: 1062 Duplicate entry 'ewen' for key 'pseudo' (Code d'erreur : 23000)
29-03-2024 16:17:59 Erreur : SQLSTATE[23000]: Integrity constraint violation: 1062 Duplicate entry 'ewen' for key 'pseudo' (Code d'erreur : 23000)
29-03-2024 16:22:54 Erreur : SQLSTATE[23000]: Integrity constraint violation: 1062 Duplicate entry 'ewen' for key 'pseudo' (Code d'erreur : 23000)
29-03-2024 16:23:06 Erreur : SQLSTATE[23000]: Integrity constraint violation: 1062 Duplicate entry 'ewen' for key 'pseudo' (Code d'erreur : 23000)
29-03-2024 16:23:42 Erreur : SQLSTATE[23000]: Integrity constraint violation: 1062 Duplicate entry 'ewen' for key 'pseudo' (Code d'erreur : 23000)
29-03-2024 22:47:59 Erreur : SQLSTATE[23000]: Integrity constraint violation: 1062 Duplicate entry 'ewen' for key 'pseudo' (Code d'erreur : 23000)
29-03-2024 22:51:01 Erreur : SQLSTATE[23000]: Integrity constraint violation: 1062 Duplicate entry 'ewen' for key 'pseudo' (Code d'erreur : 23000)
29-03-2024 23:00:01 Erreur : SQLSTATE[HY093]: Invalid parameter number: number of bound variables does not match number of tokens (Code d'erreur : HY093)
29-03-2024 23:07:09 Erreur : SQLSTATE[HY093]: Invalid parameter number: number of bound variables does not match number of tokens (Code d'erreur : HY093)
29-03-2024 23:07:10 Erreur : SQLSTATE[23000]: Integrity constraint violation: 1062 Duplicate entry 'ewen' for key 'pseudo' (Code d'erreur : 23000)
29-03-2024 23:43:43 Erreur : SQLSTATE[42000]: Syntax error or access violation: 1064 You have an error in your SQL syntax; check the manual that corresponds to your MariaDB server version for the right syntax to use near '' at line 1 (Code d'erreur : 42000)
29-03-2024 23:43:44 Erreur : SQLSTATE[23000]: Integrity constraint violation: 1062 Duplicate entry 'ewen' for key 'pseudo' (Code d'erreur : 23000)
29-03-2024 23:44:17 Erreur : SQLSTATE[42000]: Syntax error or access violation: 1064 You have an error in your SQL syntax; check the manual that corresponds to your MariaDB server version for the right syntax to use near '' at line 1 (Code d'erreur : 42000)
29-03-2024 23:44:17 Erreur : SQLSTATE[23000]: Integrity constraint violation: 1062 Duplicate entry 'ewen' for key 'pseudo' (Code d'erreur : 23000)
29-03-2024 23:45:00 Erreur : SQLSTATE[42000]: Syntax error or access violation: 1064 You have an error in your SQL syntax; check the manual that corresponds to your MariaDB server version for the right syntax to use near '' at line 1 (Code d'erreur : 42000)
29-03-2024 23:45:00 Erreur : SQLSTATE[23000]: Integrity constraint violation: 1062 Duplicate entry 'ewen' for key 'pseudo' (Code d'erreur : 23000)
29-03-2024 23:45:42 Erreur : SQLSTATE[42000]: Syntax error or access violation: 1064 You have an error in your SQL syntax; check the manual that corresponds to your MariaDB server version for the right syntax to use near '' at line 1 (Code d'erreur : 42000)
29-03-2024 23:45:42 Erreur : SQLSTATE[23000]: Integrity constraint violation: 1062 Duplicate entry 'ewen' for key 'pseudo' (Code d'erreur : 23000)
29-03-2024 23:47:22 Erreur : SQLSTATE[42000]: Syntax error or access violation: 1064 You have an error in your SQL syntax; check the manual that corresponds to your MariaDB server version for the right syntax to use near '' at line 1 (Code d'erreur : 42000)
29-03-2024 23:47:22 Erreur : SQLSTATE[23000]: Integrity constraint violation: 1062 Duplicate entry 'ewen' for key 'pseudo' (Code d'erreur : 23000)
29-03-2024 23:50:04 Erreur : SQLSTATE[42000]: Syntax error or access violation: 1064 You have an error in your SQL syntax; check the manual that corresponds to your MariaDB server version for the right syntax to use near '' at line 1 (Code d'erreur : 42000)
29-03-2024 23:50:04 Erreur : SQLSTATE[23000]: Integrity constraint violation: 1062 Duplicate entry 'ewen' for key 'pseudo' (Code d'erreur : 23000)
29-03-2024 23:56:21 Erreur : SQLSTATE[42000]: Syntax error or access violation: 1064 You have an error in your SQL syntax; check the manual that corresponds to your MariaDB server version for the right syntax to use near '' at line 1 (Code d'erreur : 42000)
29-03-2024 23:56:21 Erreur : SQLSTATE[23000]: Integrity constraint violation: 1062 Duplicate entry 'ewen' for key 'pseudo' (Code d'erreur : 23000)
30-03-2024 00:03:04 Erreur : SQLSTATE[42000]: Syntax error or access violation: 1064 You have an error in your SQL syntax; check the manual that corresponds to your MariaDB server version for the right syntax to use near '' at line 1 (Code d'erreur : 42000)
30-03-2024 00:03:04 Erreur : SQLSTATE[23000]: Integrity constraint violation: 1062 Duplicate entry 'ewen' for key 'pseudo' (Code d'erreur : 23000)
30-03-2024 00:03:29 Erreur : SQLSTATE[42000]: Syntax error or access violation: 1064 You have an error in your SQL syntax; check the manual that corresponds to your MariaDB server version for the right syntax to use near '' at line 1 (Code d'erreur : 42000)
30-03-2024 00:03:29 Erreur : SQLSTATE[23000]: Integrity constraint violation: 1062 Duplicate entry 'ewen' for key 'pseudo' (Code d'erreur : 23000)
02-04-2024 13:49:49 Erreur : SQLSTATE[42000]: Syntax error or access violation: 1064 You have an error in your SQL syntax; check the manual that corresponds to your MariaDB server version for the right syntax to use near '' at line 1 (Code d'erreur : 42000)
02-04-2024 13:57:08 Erreur : SQLSTATE[42000]: Syntax error or access violation: 1064 You have an error in your SQL syntax; check the manual that corresponds to your MariaDB server version for the right syntax to use near '' at line 1 (Code d'erreur : 42000)
02-04-2024 13:57:09 Erreur : SQLSTATE[23000]: Integrity constraint violation: 1062 Duplicate entry 'ewen' for key 'pseudo' (Code d'erreur : 23000)
02-04-2024 14:43:42 Erreur : SQLSTATE[23000]: Integrity constraint violation: 1062 Duplicate entry '0hEurMDQu99nJRq8pTxO14' for key 'PRIMARY' (Code d'erreur : 23000)
02-04-2024 14:56:27 Erreur : SQLSTATE[23000]: Integrity constraint violation: 1062 Duplicate entry 'John Mayer' for key 'name' (Code d'erreur : 23000)
02-04-2024 15:02:31 Erreur : SQLSTATE[23000]: Integrity constraint violation: 1062 Duplicate entry 'John Mayer' for key 'name' (Code d'erreur : 23000)
04-04-2024 15:18:28 Erreur : SQLSTATE[23000]: Integrity constraint violation: 1452 Cannot add or update a child row: a foreign key constraint fails (`gog`.`music`, CONSTRAINT `music_ibfk_1` FOREIGN KEY (`title`) REFERENCES `album` (`title`)) (Code d'erreur : 23000)
04-04-2024 15:19:21 Erreur : SQLSTATE[23000]: Integrity constraint violation: 1452 Cannot add or update a child row: a foreign key constraint fails (`gog`.`music`, CONSTRAINT `music_ibfk_1` FOREIGN KEY (`title`) REFERENCES `album` (`title`)) (Code d'erreur : 23000)
04-04-2024 15:35:21 Erreur : SQLSTATE[23000]: Integrity constraint violation: 1452 Cannot add or update a child row: a foreign key constraint fails (`gog`.`music`, CONSTRAINT `music_ibfk_1` FOREIGN KEY (`title`) REFERENCES `album` (`title`)) (Code d'erreur : 23000)
04-04-2024 15:40:11 Erreur : SQLSTATE[23000]: Integrity constraint violation: 1452 Cannot add or update a child row: a foreign key constraint fails (`gog`.`music`, CONSTRAINT `music_ibfk_1` FOREIGN KEY (`title`) REFERENCES `album` (`title`)) (Code d'erreur : 23000)
04-04-2024 15:43:35 Erreur : SQLSTATE[23000]: Integrity constraint violation: 1452 Cannot add or update a child row: a foreign key constraint fails (`gog`.`music`, CONSTRAINT `music_ibfk_1` FOREIGN KEY (`title`) REFERENCES `album` (`title`)) (Code d'erreur : 23000)
04-04-2024 15:43:59 Erreur : SQLSTATE[23000]: Integrity constraint violation: 1452 Cannot add or update a child row: a foreign key constraint fails (`gog`.`music`, CONSTRAINT `music_ibfk_1` FOREIGN KEY (`title`) REFERENCES `album` (`title`)) (Code d'erreur : 23000)
04-04-2024 15:44:23 Erreur : SQLSTATE[23000]: Integrity constraint violation: 1452 Cannot add or update a child row: a foreign key constraint fails (`gog`.`music`, CONSTRAINT `music_ibfk_1` FOREIGN KEY (`title`) REFERENCES `album` (`title`)) (Code d'erreur : 23000)
04-04-2024 15:44:31 Erreur : SQLSTATE[23000]: Integrity constraint violation: 1452 Cannot add or update a child row: a foreign key constraint fails (`gog`.`music`, CONSTRAINT `music_ibfk_1` FOREIGN KEY (`title`) REFERENCES `album` (`title`)) (Code d'erreur : 23000)
04-04-2024 15:44:52 Erreur : SQLSTATE[23000]: Integrity constraint violation: 1452 Cannot add or update a child row: a foreign key constraint fails (`gog`.`music`, CONSTRAINT `music_ibfk_1` FOREIGN KEY (`title`) REFERENCES `album` (`title`)) (Code d'erreur : 23000)
04-04-2024 15:46:09 Erreur : SQLSTATE[23000]: Integrity constraint violation: 1452 Cannot add or update a child row: a foreign key constraint fails (`gog`.`music`, CONSTRAINT `music_ibfk_1` FOREIGN KEY (`title`) REFERENCES `album` (`title`)) (Code d'erreur : 23000)
04-04-2024 15:46:09 Erreur : SQLSTATE[23000]: Integrity constraint violation: 1452 Cannot add or update a child row: a foreign key constraint fails (`gog`.`music`, CONSTRAINT `music_ibfk_1` FOREIGN KEY (`title`) REFERENCES `album` (`title`)) (Code d'erreur : 23000)
04-04-2024 15:46:18 Erreur : SQLSTATE[23000]: Integrity constraint violation: 1452 Cannot add or update a child row: a foreign key constraint fails (`gog`.`music`, CONSTRAINT `music_ibfk_1` FOREIGN KEY (`title`) REFERENCES `album` (`title`)) (Code d'erreur : 23000)
04-04-2024 15:46:18 Erreur : SQLSTATE[23000]: Integrity constraint violation: 1452 Cannot add or update a child row: a foreign key constraint fails (`gog`.`music`, CONSTRAINT `music_ibfk_1` FOREIGN KEY (`title`) REFERENCES `album` (`title`)) (Code d'erreur : 23000)
04-04-2024 15:46:22 Erreur : SQLSTATE[23000]: Integrity constraint violation: 1452 Cannot add or update a child row: a foreign key constraint fails (`gog`.`music`, CONSTRAINT `music_ibfk_1` FOREIGN KEY (`title`) REFERENCES `album` (`title`)) (Code d'erreur : 23000)
04-04-2024 15:46:22 Erreur : SQLSTATE[23000]: Integrity constraint violation: 1452 Cannot add or update a child row: a foreign key constraint fails (`gog`.`music`, CONSTRAINT `music_ibfk_1` FOREIGN KEY (`title`) REFERENCES `album` (`title`)) (Code d'erreur : 23000)
04-04-2024 15:48:02 Erreur : SQLSTATE[23000]: Integrity constraint violation: 1452 Cannot add or update a child row: a foreign key constraint fails (`gog`.`music`, CONSTRAINT `music_ibfk_1` FOREIGN KEY (`title`) REFERENCES `album` (`title`)) (Code d'erreur : 23000)
04-04-2024 15:48:02 Erreur : SQLSTATE[23000]: Integrity constraint violation: 1452 Cannot add or update a child row: a foreign key constraint fails (`gog`.`music`, CONSTRAINT `music_ibfk_1` FOREIGN KEY (`title`) REFERENCES `album` (`title`)) (Code d'erreur : 23000)
04-04-2024 15:48:06 Erreur : SQLSTATE[23000]: Integrity constraint violation: 1452 Cannot add or update a child row: a foreign key constraint fails (`gog`.`music`, CONSTRAINT `music_ibfk_1` FOREIGN KEY (`title`) REFERENCES `album` (`title`)) (Code d'erreur : 23000)
04-04-2024 15:48:06 Erreur : SQLSTATE[23000]: Integrity constraint violation: 1452 Cannot add or update a child row: a foreign key constraint fails (`gog`.`music`, CONSTRAINT `music_ibfk_1` FOREIGN KEY (`title`) REFERENCES `album` (`title`)) (Code d'erreur : 23000)
04-04-2024 15:49:09 Erreur : SQLSTATE[23000]: Integrity constraint violation: 1452 Cannot add or update a child row: a foreign key constraint fails (`gog`.`music`, CONSTRAINT `music_ibfk_1` FOREIGN KEY (`title`) REFERENCES `album` (`title`)) (Code d'erreur : 23000)
04-04-2024 15:49:09 Erreur : SQLSTATE[23000]: Integrity constraint violation: 1452 Cannot add or update a child row: a foreign key constraint fails (`gog`.`music`, CONSTRAINT `music_ibfk_1` FOREIGN KEY (`title`) REFERENCES `album` (`title`)) (Code d'erreur : 23000)
04-04-2024 15:49:14 Erreur : SQLSTATE[23000]: Integrity constraint violation: 1452 Cannot add or update a child row: a foreign key constraint fails (`gog`.`music`, CONSTRAINT `music_ibfk_1` FOREIGN KEY (`title`) REFERENCES `album` (`title`)) (Code d'erreur : 23000)
04-04-2024 15:49:14 Erreur : SQLSTATE[23000]: Integrity constraint violation: 1452 Cannot add or update a child row: a foreign key constraint fails (`gog`.`music`, CONSTRAINT `music_ibfk_1` FOREIGN KEY (`title`) REFERENCES `album` (`title`)) (Code d'erreur : 23000)
04-04-2024 15:49:27 Erreur : SQLSTATE[23000]: Integrity constraint violation: 1452 Cannot add or update a child row: a foreign key constraint fails (`gog`.`music`, CONSTRAINT `music_ibfk_1` FOREIGN KEY (`title`) REFERENCES `album` (`title`)) (Code d'erreur : 23000)
04-04-2024 15:49:27 Erreur : SQLSTATE[23000]: Integrity constraint violation: 1452 Cannot add or update a child row: a foreign key constraint fails (`gog`.`music`, CONSTRAINT `music_ibfk_1` FOREIGN KEY (`title`) REFERENCES `album` (`title`)) (Code d'erreur : 23000)
04-04-2024 15:49:27 Erreur : SQLSTATE[23000]: Integrity constraint violation: 1452 Cannot add or update a child row: a foreign key constraint fails (`gog`.`music`, CONSTRAINT `music_ibfk_1` FOREIGN KEY (`title`) REFERENCES `album` (`title`)) (Code d'erreur : 23000)
04-04-2024 15:49:30 Erreur : SQLSTATE[23000]: Integrity constraint violation: 1452 Cannot add or update a child row: a foreign key constraint fails (`gog`.`music`, CONSTRAINT `music_ibfk_1` FOREIGN KEY (`title`) REFERENCES `album` (`title`)) (Code d'erreur : 23000)
04-04-2024 15:49:30 Erreur : SQLSTATE[23000]: Integrity constraint violation: 1452 Cannot add or update a child row: a foreign key constraint fails (`gog`.`music`, CONSTRAINT `music_ibfk_1` FOREIGN KEY (`title`) REFERENCES `album` (`title`)) (Code d'erreur : 23000)
04-04-2024 15:49:30 Erreur : SQLSTATE[23000]: Integrity constraint violation: 1452 Cannot add or update a child row: a foreign key constraint fails (`gog`.`music`, CONSTRAINT `music_ibfk_1` FOREIGN KEY (`title`) REFERENCES `album` (`title`)) (Code d'erreur : 23000)
04-04-2024 15:50:52 Erreur : SQLSTATE[23000]: Integrity constraint violation: 1452 Cannot add or update a child row: a foreign key constraint fails (`gog`.`music`, CONSTRAINT `music_ibfk_1` FOREIGN KEY (`title`) REFERENCES `album` (`title`)) (Code d'erreur : 23000)
04-04-2024 15:50:52 Erreur : SQLSTATE[23000]: Integrity constraint violation: 1452 Cannot add or update a child row: a foreign key constraint fails (`gog`.`music`, CONSTRAINT `music_ibfk_1` FOREIGN KEY (`title`) REFERENCES `album` (`title`)) (Code d'erreur : 23000)
04-04-2024 15:50:52 Erreur : SQLSTATE[23000]: Integrity constraint violation: 1452 Cannot add or update a child row: a foreign key constraint fails (`gog`.`music`, CONSTRAINT `music_ibfk_1` FOREIGN KEY (`title`) REFERENCES `album` (`title`)) (Code d'erreur : 23000)
04-04-2024 15:51:10 Erreur : SQLSTATE[23000]: Integrity constraint violation: 1452 Cannot add or update a child row: a foreign key constraint fails (`gog`.`music`, CONSTRAINT `music_ibfk_1` FOREIGN KEY (`title`) REFERENCES `album` (`title`)) (Code d'erreur : 23000)
04-04-2024 15:51:10 Erreur : SQLSTATE[23000]: Integrity constraint violation: 1452 Cannot add or update a child row: a foreign key constraint fails (`gog`.`music`, CONSTRAINT `music_ibfk_1` FOREIGN KEY (`title`) REFERENCES `album` (`title`)) (Code d'erreur : 23000)
04-04-2024 15:51:18 Erreur : SQLSTATE[23000]: Integrity constraint violation: 1452 Cannot add or update a child row: a foreign key constraint fails (`gog`.`music`, CONSTRAINT `music_ibfk_1` FOREIGN KEY (`title`) REFERENCES `album` (`title`)) (Code d'erreur : 23000)
04-04-2024 15:51:18 Erreur : SQLSTATE[23000]: Integrity constraint violation: 1452 Cannot add or update a child row: a foreign key constraint fails (`gog`.`music`, CONSTRAINT `music_ibfk_1` FOREIGN KEY (`title`) REFERENCES `album` (`title`)) (Code d'erreur : 23000)
04-04-2024 15:51:24 Erreur : SQLSTATE[23000]: Integrity constraint violation: 1452 Cannot add or update a child row: a foreign key constraint fails (`gog`.`music`, CONSTRAINT `music_ibfk_1` FOREIGN KEY (`title`) REFERENCES `album` (`title`)) (Code d'erreur : 23000)
04-04-2024 15:51:24 Erreur : SQLSTATE[23000]: Integrity constraint violation: 1452 Cannot add or update a child row: a foreign key constraint fails (`gog`.`music`, CONSTRAINT `music_ibfk_1` FOREIGN KEY (`title`) REFERENCES `album` (`title`)) (Code d'erreur : 23000)
04-04-2024 15:57:55 Erreur : SQLSTATE[23000]: Integrity constraint violation: 1452 Cannot add or update a child row: a foreign key constraint fails (`gog`.`music`, CONSTRAINT `music_ibfk_1` FOREIGN KEY (`title`) REFERENCES `album` (`title`)) (Code d'erreur : 23000)
04-04-2024 15:57:55 Erreur : SQLSTATE[23000]: Integrity constraint violation: 1452 Cannot add or update a child row: a foreign key constraint fails (`gog`.`music`, CONSTRAINT `music_ibfk_1` FOREIGN KEY (`title`) REFERENCES `album` (`title`)) (Code d'erreur : 23000)
04-04-2024 15:58:44 Erreur : SQLSTATE[23000]: Integrity constraint violation: 1452 Cannot add or update a child row: a foreign key constraint fails (`gog`.`music`, CONSTRAINT `music_ibfk_1` FOREIGN KEY (`title`) REFERENCES `album` (`title`)) (Code d'erreur : 23000)
04-04-2024 15:58:44 Erreur : SQLSTATE[23000]: Integrity constraint violation: 1452 Cannot add or update a child row: a foreign key constraint fails (`gog`.`music`, CONSTRAINT `music_ibfk_1` FOREIGN KEY (`title`) REFERENCES `album` (`title`)) (Code d'erreur : 23000)
04-04-2024 16:06:28 Erreur : SQLSTATE[23000]: Integrity constraint violation: 1452 Cannot add or update a child row: a foreign key constraint fails (`gog`.`music`, CONSTRAINT `music_ibfk_1` FOREIGN KEY (`title`) REFERENCES `album` (`title`)) (Code d'erreur : 23000)
04-04-2024 16:06:28 Erreur : SQLSTATE[23000]: Integrity constraint violation: 1452 Cannot add or update a child row: a foreign key constraint fails (`gog`.`music`, CONSTRAINT `music_ibfk_1` FOREIGN KEY (`title`) REFERENCES `album` (`title`)) (Code d'erreur : 23000)
04-04-2024 16:06:55 Erreur : SQLSTATE[23000]: Integrity constraint violation: 1452 Cannot add or update a child row: a foreign key constraint fails (`gog`.`music`, CONSTRAINT `music_ibfk_1` FOREIGN KEY (`title`) REFERENCES `album` (`title`)) (Code d'erreur : 23000)
04-04-2024 16:06:55 Erreur : SQLSTATE[23000]: Integrity constraint violation: 1452 Cannot add or update a child row: a foreign key constraint fails (`gog`.`music`, CONSTRAINT `music_ibfk_1` FOREIGN KEY (`title`) REFERENCES `album` (`title`)) (Code d'erreur : 23000)
04-04-2024 16:22:33 Erreur : SQLSTATE[23000]: Integrity constraint violation: 1452 Cannot add or update a child row: a foreign key constraint fails (`gog`.`music`, CONSTRAINT `music_ibfk_1` FOREIGN KEY (`title`) REFERENCES `album` (`title`)) (Code d'erreur : 23000)
04-04-2024 16:24:22 Erreur : SQLSTATE[23000]: Integrity constraint violation: 1452 Cannot add or update a child row: a foreign key constraint fails (`gog`.`music`, CONSTRAINT `music_ibfk_1` FOREIGN KEY (`title`) REFERENCES `album` (`title`)) (Code d'erreur : 23000)
04-04-2024 16:24:22 Erreur : SQLSTATE[23000]: Integrity constraint violation: 1452 Cannot add or update a child row: a foreign key constraint fails (`gog`.`music`, CONSTRAINT `music_ibfk_1` FOREIGN KEY (`title`) REFERENCES `album` (`title`)) (Code d'erreur : 23000)
04-04-2024 16:30:32 Erreur : SQLSTATE[23000]: Integrity constraint violation: 1452 Cannot add or update a child row: a foreign key constraint fails (`gog`.`music`, CONSTRAINT `music_ibfk_1` FOREIGN KEY (`title`) REFERENCES `album` (`title`)) (Code d'erreur : 23000)
04-04-2024 16:30:32 Erreur : SQLSTATE[23000]: Integrity constraint violation: 1452 Cannot add or update a child row: a foreign key constraint fails (`gog`.`music`, CONSTRAINT `music_ibfk_1` FOREIGN KEY (`title`) REFERENCES `album` (`title`)) (Code d'erreur : 23000)
04-04-2024 18:43:37 Erreur : SQLSTATE[23000]: Integrity constraint violation: 1452 Cannot add or update a child row: a foreign key constraint fails (`gog`.`music`, CONSTRAINT `music_ibfk_1` FOREIGN KEY (`title`) REFERENCES `album` (`title`)) (Code d'erreur : 23000)
04-04-2024 18:43:37 Erreur : SQLSTATE[23000]: Integrity constraint violation: 1452 Cannot add or update a child row: a foreign key constraint fails (`gog`.`music`, CONSTRAINT `music_ibfk_1` FOREIGN KEY (`title`) REFERENCES `album` (`title`)) (Code d'erreur : 23000)
04-04-2024 18:56:13 Erreur : SQLSTATE[HY093]: Invalid parameter number: number of bound variables does not match number of tokens (Code d'erreur : HY093)
04-04-2024 18:59:39 Erreur : SQLSTATE[HY093]: Invalid parameter number: number of bound variables does not match number of tokens (Code d'erreur : HY093)
04-04-2024 19:06:12 Erreur : SQLSTATE[42000]: Syntax error or access violation: 1064 You have an error in your SQL syntax; check the manual that corresponds to your MariaDB server version for the right syntax to use near '' at line 1 (Code d'erreur : 42000)
04-04-2024 19:12:59 Erreur : SQLSTATE[42000]: Syntax error or access violation: 1064 You have an error in your SQL syntax; check the manual that corresponds to your MariaDB server version for the right syntax to use near 'IS NOT NULL' at line 1 (Code d'erreur : 42000)
04-04-2024 19:13:21 Erreur : SQLSTATE[42000]: Syntax error or access violation: 1064 You have an error in your SQL syntax; check the manual that corresponds to your MariaDB server version for the right syntax to use near 'Mayer' at line 1 (Code d'erreur : 42000)
04-04-2024 19:13:21 Erreur : SQLSTATE[23000]: Integrity constraint violation: 1062 Duplicate entry 'John Mayer' for key 'name' (Code d'erreur : 23000)
04-04-2024 19:13:21 Erreur : SQLSTATE[42000]: Syntax error or access violation: 1064 You have an error in your SQL syntax; check the manual that corresponds to your MariaDB server version for the right syntax to use near 'IS NOT NULL' at line 1 (Code d'erreur : 42000)
04-04-2024 19:24:52 Erreur : SQLSTATE[42S22]: Column not found: 1054 Unknown column 'Belief' in 'where clause' (Code d'erreur : 42S22)
04-04-2024 19:24:52 Erreur : SQLSTATE[HY093]: Invalid parameter number: number of bound variables does not match number of tokens (Code d'erreur : HY093)
04-04-2024 19:32:10 Erreur : SQLSTATE[HY093]: Invalid parameter number: number of bound variables does not match number of tokens (Code d'erreur : HY093)
04-04-2024 19:59:41 Erreur : SQLSTATE[23000]: Integrity constraint violation: 1452 Cannot add or update a child row: a foreign key constraint fails (`gog`.`music`, CONSTRAINT `music_ibfk_1` FOREIGN KEY (`title`) REFERENCES `album` (`title`)) (Code d'erreur : 23000)
05-04-2024 08:52:01 Erreur : SQLSTATE[23000]: Integrity constraint violation: 1452 Cannot add or update a child row: a foreign key constraint fails (`gog`.`music`, CONSTRAINT `music_ibfk_1` FOREIGN KEY (`title`) REFERENCES `album` (`title`)) (Code d'erreur : 23000)
05-04-2024 16:17:04 Erreur : SQLSTATE[23000]: Integrity constraint violation: 1452 Cannot add or update a child row: a foreign key constraint fails (`gog`.`music`, CONSTRAINT `music_ibfk_1` FOREIGN KEY (`title`) REFERENCES `album` (`title`)) (Code d'erreur : 23000)
06-04-2024 18:27:24 Erreur : SQLSTATE[42000]: Syntax error or access violation: 1064 You have an error in your SQL syntax; check the manual that corresponds to your MariaDB server version for the right syntax to use near ':idGuitarist' at line 1 (Code d'erreur : 42000)
07-04-2024 17:44:55 Erreur : SQLSTATE[23000]: Integrity constraint violation: 1452 Cannot add or update a child row: a foreign key constraint fails (`gog`.`guitar`, CONSTRAINT `guitar_ibfk_1` FOREIGN KEY (`idGear`) REFERENCES `gear` (`idGear`)) (Code d'erreur : 23000)
07-04-2024 18:04:29 Erreur : SQLSTATE[23000]: Integrity constraint violation: 1452 Cannot add or update a child row: a foreign key constraint fails (`gog`.`guitar`, CONSTRAINT `guitar_ibfk_1` FOREIGN KEY (`idGear`) REFERENCES `gear` (`idGear`)) (Code d'erreur : 23000)
07-04-2024 18:05:57 Erreur : SQLSTATE[23000]: Integrity constraint violation: 1452 Cannot add or update a child row: a foreign key constraint fails (`gog`.`guitar`, CONSTRAINT `guitar_ibfk_1` FOREIGN KEY (`idGear`) REFERENCES `gear` (`idGear`)) (Code d'erreur : 23000)
07-04-2024 18:07:47 Erreur : SQLSTATE[23000]: Integrity constraint violation: 1452 Cannot add or update a child row: a foreign key constraint fails (`gog`.`guitar`, CONSTRAINT `guitar_ibfk_1` FOREIGN KEY (`idGear`) REFERENCES `gear` (`idGear`)) (Code d'erreur : 23000)
07-04-2024 18:17:45 Erreur : SQLSTATE[23000]: Integrity constraint violation: 1452 Cannot add or update a child row: a foreign key constraint fails (`gog`.`guitar`, CONSTRAINT `guitar_ibfk_1` FOREIGN KEY (`idGear`) REFERENCES `gear` (`idGear`)) (Code d'erreur : 23000)
07-04-2024 18:31:01 Erreur : SQLSTATE[23000]: Integrity constraint violation: 1452 Cannot add or update a child row: a foreign key constraint fails (`gog`.`guitar`, CONSTRAINT `guitar_ibfk_1` FOREIGN KEY (`idGear`) REFERENCES `gear` (`idGear`)) (Code d'erreur : 23000)
07-04-2024 18:48:23 Erreur : SQLSTATE[23000]: Integrity constraint violation: 1452 Cannot add or update a child row: a foreign key constraint fails (`gog`.`guitar`, CONSTRAINT `guitar_ibfk_1` FOREIGN KEY (`idGear`) REFERENCES `gear` (`idGear`)) (Code d'erreur : 23000)
07-04-2024 18:48:23 Erreur : SQLSTATE[23000]: Integrity constraint violation: 1452 Cannot add or update a child row: a foreign key constraint fails (`gog`.`guitar`, CONSTRAINT `guitar_ibfk_1` FOREIGN KEY (`idGear`) REFERENCES `gear` (`idGear`)) (Code d'erreur : 23000)
07-04-2024 18:49:39 Erreur : SQLSTATE[23000]: Integrity constraint violation: 1452 Cannot add or update a child row: a foreign key constraint fails (`gog`.`guitar`, CONSTRAINT `guitar_ibfk_1` FOREIGN KEY (`idGear`) REFERENCES `gear` (`idGear`)) (Code d'erreur : 23000)
07-04-2024 18:52:03 Erreur : SQLSTATE[23000]: Integrity constraint violation: 1452 Cannot add or update a child row: a foreign key constraint fails (`gog`.`guitar`, CONSTRAINT `guitar_ibfk_1` FOREIGN KEY (`idGear`) REFERENCES `gear` (`idGear`)) (Code d'erreur : 23000)
07-04-2024 18:52:03 Erreur : SQLSTATE[23000]: Integrity constraint violation: 1452 Cannot add or update a child row: a foreign key constraint fails (`gog`.`guitar`, CONSTRAINT `guitar_ibfk_1` FOREIGN KEY (`idGear`) REFERENCES `gear` (`idGear`)) (Code d'erreur : 23000)
07-04-2024 18:52:08 Erreur : SQLSTATE[23000]: Integrity constraint violation: 1452 Cannot add or update a child row: a foreign key constraint fails (`gog`.`guitar`, CONSTRAINT `guitar_ibfk_1` FOREIGN KEY (`idGear`) REFERENCES `gear` (`idGear`)) (Code d'erreur : 23000)
07-04-2024 18:52:08 Erreur : SQLSTATE[23000]: Integrity constraint violation: 1452 Cannot add or update a child row: a foreign key constraint fails (`gog`.`guitar`, CONSTRAINT `guitar_ibfk_1` FOREIGN KEY (`idGear`) REFERENCES `gear` (`idGear`)) (Code d'erreur : 23000)
07-04-2024 18:53:30 Erreur : SQLSTATE[23000]: Integrity constraint violation: 1452 Cannot add or update a child row: a foreign key constraint fails (`gog`.`guitar`, CONSTRAINT `guitar_ibfk_1` FOREIGN KEY (`idGear`) REFERENCES `gear` (`idGear`)) (Code d'erreur : 23000)
07-04-2024 18:53:30 Erreur : SQLSTATE[23000]: Integrity constraint violation: 1452 Cannot add or update a child row: a foreign key constraint fails (`gog`.`guitar`, CONSTRAINT `guitar_ibfk_1` FOREIGN KEY (`idGear`) REFERENCES `gear` (`idGear`)) (Code d'erreur : 23000)
07-04-2024 18:53:30 Erreur : SQLSTATE[23000]: Integrity constraint violation: 1452 Cannot add or update a child row: a foreign key constraint fails (`gog`.`contribution`, CONSTRAINT `contribution_ibfk_2` FOREIGN KEY (`idGear`) REFERENCES `gear` (`idGear`)) (Code d'erreur : 23000)
07-04-2024 19:21:22 Erreur : SQLSTATE[23000]: Integrity constraint violation: 1452 Cannot add or update a child row: a foreign key constraint fails (`gog`.`guitar`, CONSTRAINT `guitar_ibfk_1` FOREIGN KEY (`idGear`) REFERENCES `gear` (`idGear`)) (Code d'erreur : 23000)
07-04-2024 19:21:22 Erreur : SQLSTATE[23000]: Integrity constraint violation: 1452 Cannot add or update a child row: a foreign key constraint fails (`gog`.`guitar`, CONSTRAINT `guitar_ibfk_1` FOREIGN KEY (`idGear`) REFERENCES `gear` (`idGear`)) (Code d'erreur : 23000)
07-04-2024 19:21:22 Erreur : SQLSTATE[23000]: Integrity constraint violation: 1452 Cannot add or update a child row: a foreign key constraint fails (`gog`.`contribution`, CONSTRAINT `contribution_ibfk_2` FOREIGN KEY (`idGear`) REFERENCES `gear` (`idGear`)) (Code d'erreur : 23000)
07-04-2024 19:25:15 Erreur : SQLSTATE[23000]: Integrity constraint violation: 1452 Cannot add or update a child row: a foreign key constraint fails (`gog`.`guitar`, CONSTRAINT `guitar_ibfk_1` FOREIGN KEY (`idGear`) REFERENCES `gear` (`idGear`)) (Code d'erreur : 23000)
07-04-2024 19:25:15 Erreur : SQLSTATE[23000]: Integrity constraint violation: 1452 Cannot add or update a child row: a foreign key constraint fails (`gog`.`guitar`, CONSTRAINT `guitar_ibfk_1` FOREIGN KEY (`idGear`) REFERENCES `gear` (`idGear`)) (Code d'erreur : 23000)
07-04-2024 19:25:15 Erreur : SQLSTATE[23000]: Integrity constraint violation: 1452 Cannot add or update a child row: a foreign key constraint fails (`gog`.`contribution`, CONSTRAINT `contribution_ibfk_2` FOREIGN KEY (`idGear`) REFERENCES `gear` (`idGear`)) (Code d'erreur : 23000)
07-04-2024 19:27:30 Erreur : SQLSTATE[23000]: Integrity constraint violation: 1452 Cannot add or update a child row: a foreign key constraint fails (`gog`.`guitar`, CONSTRAINT `guitar_ibfk_1` FOREIGN KEY (`idGear`) REFERENCES `gear` (`idGear`)) (Code d'erreur : 23000)
07-04-2024 19:27:30 Erreur : SQLSTATE[23000]: Integrity constraint violation: 1452 Cannot add or update a child row: a foreign key constraint fails (`gog`.`guitar`, CONSTRAINT `guitar_ibfk_1` FOREIGN KEY (`idGear`) REFERENCES `gear` (`idGear`)) (Code d'erreur : 23000)
07-04-2024 19:27:30 Erreur : SQLSTATE[23000]: Integrity constraint violation: 1452 Cannot add or update a child row: a foreign key constraint fails (`gog`.`contribution`, CONSTRAINT `contribution_ibfk_2` FOREIGN KEY (`idGear`) REFERENCES `gear` (`idGear`)) (Code d'erreur : 23000)
08-04-2024 09:02:46 Erreur : SQLSTATE[23000]: Integrity constraint violation: 1452 Cannot add or update a child row: a foreign key constraint fails (`gog`.`contribution`, CONSTRAINT `contribution_ibfk_2` FOREIGN KEY (`idGear`) REFERENCES `gear` (`idGear`)) (Code d'erreur : 23000)
08-04-2024 09:10:35 Erreur : SQLSTATE[23000]: Integrity constraint violation: 1048 Column 'idGear' cannot be null (Code d'erreur : 23000)
08-04-2024 09:12:10 Erreur : SQLSTATE[23000]: Integrity constraint violation: 1048 Column 'idGear' cannot be null (Code d'erreur : 23000)
08-04-2024 09:14:54 Erreur : SQLSTATE[23000]: Integrity constraint violation: 1452 Cannot add or update a child row: a foreign key constraint fails (`gog`.`contribution`, CONSTRAINT `contribution_ibfk_2` FOREIGN KEY (`idGear`) REFERENCES `gear` (`idGear`)) (Code d'erreur : 23000)
08-04-2024 09:16:23 Erreur : SQLSTATE[23000]: Integrity constraint violation: 1452 Cannot add or update a child row: a foreign key constraint fails (`gog`.`contribution`, CONSTRAINT `contribution_ibfk_2` FOREIGN KEY (`idGear`) REFERENCES `gear` (`idGear`)) (Code d'erreur : 23000)
08-04-2024 09:22:14 Erreur : SQLSTATE[23000]: Integrity constraint violation: 1048 Column 'idGear' cannot be null (Code d'erreur : 23000)
08-04-2024 09:23:56 Erreur : SQLSTATE[23000]: Integrity constraint violation: 1048 Column 'idGear' cannot be null (Code d'erreur : 23000)
08-04-2024 09:26:03 Erreur : SQLSTATE[23000]: Integrity constraint violation: 1048 Column 'idGear' cannot be null (Code d'erreur : 23000)
08-04-2024 09:26:43 Erreur : SQLSTATE[23000]: Integrity constraint violation: 1452 Cannot add or update a child row: a foreign key constraint fails (`gog`.`contribution`, CONSTRAINT `contribution_ibfk_2` FOREIGN KEY (`idGear`) REFERENCES `gear` (`idGear`)) (Code d'erreur : 23000)
08-04-2024 09:27:14 Erreur : SQLSTATE[23000]: Integrity constraint violation: 1452 Cannot add or update a child row: a foreign key constraint fails (`gog`.`contribution`, CONSTRAINT `contribution_ibfk_2` FOREIGN KEY (`idGear`) REFERENCES `gear` (`idGear`)) (Code d'erreur : 23000)
08-04-2024 09:27:52 Erreur : SQLSTATE[23000]: Integrity constraint violation: 1048 Column 'idGear' cannot be null (Code d'erreur : 23000)
08-04-2024 09:28:11 Erreur : SQLSTATE[23000]: Integrity constraint violation: 1452 Cannot add or update a child row: a foreign key constraint fails (`gog`.`contribution`, CONSTRAINT `contribution_ibfk_2` FOREIGN KEY (`idGear`) REFERENCES `gear` (`idGear`)) (Code d'erreur : 23000)
08-04-2024 09:28:50 Erreur : SQLSTATE[23000]: Integrity constraint violation: 1452 Cannot add or update a child row: a foreign key constraint fails (`gog`.`contribution`, CONSTRAINT `contribution_ibfk_2` FOREIGN KEY (`idGear`) REFERENCES `gear` (`idGear`)) (Code d'erreur : 23000)
08-04-2024 09:29:06 Erreur : SQLSTATE[23000]: Integrity constraint violation: 1048 Column 'idGear' cannot be null (Code d'erreur : 23000)
08-04-2024 09:29:18 Erreur : SQLSTATE[23000]: Integrity constraint violation: 1452 Cannot add or update a child row: a foreign key constraint fails (`gog`.`contribution`, CONSTRAINT `contribution_ibfk_2` FOREIGN KEY (`idGear`) REFERENCES `gear` (`idGear`)) (Code d'erreur : 23000)
08-04-2024 09:29:59 Erreur : SQLSTATE[23000]: Integrity constraint violation: 1048 Column 'idGear' cannot be null (Code d'erreur : 23000)
08-04-2024 13:36:55 Erreur : SQLSTATE[42S22]: Column not found: 1054 Unknown column 'powerP' in 'field list' (Code d'erreur : 42S22)
08-04-2024 13:36:55 Erreur : SQLSTATE[23000]: Integrity constraint violation: 1062 Duplicate entry '63' for key 'idMusic' (Code d'erreur : 23000)
08-04-2024 13:39:11 Erreur : SQLSTATE[42S22]: Column not found: 1054 Unknown column 'power' in 'field list' (Code d'erreur : 42S22)
08-04-2024 13:39:11 Erreur : SQLSTATE[23000]: Integrity constraint violation: 1062 Duplicate entry '63' for key 'idMusic' (Code d'erreur : 23000)
08-04-2024 13:40:10 Erreur : SQLSTATE[42S22]: Column not found: 1054 Unknown column 'power' in 'field list' (Code d'erreur : 42S22)
08-04-2024 13:40:10 Erreur : SQLSTATE[23000]: Integrity constraint violation: 1062 Duplicate entry '63' for key 'idMusic' (Code d'erreur : 23000)
08-04-2024 13:42:46 Erreur : SQLSTATE[42S22]: Column not found: 1054 Unknown column 'power' in 'field list' (Code d'erreur : 42S22)
08-04-2024 13:42:46 Erreur : SQLSTATE[23000]: Integrity constraint violation: 1062 Duplicate entry '63' for key 'idMusic' (Code d'erreur : 23000)
08-04-2024 13:43:42 Erreur : SQLSTATE[42S22]: Column not found: 1054 Unknown column 'power' in 'field list' (Code d'erreur : 42S22)
08-04-2024 13:43:42 Erreur : SQLSTATE[23000]: Integrity constraint violation: 1062 Duplicate entry '63' for key 'idMusic' (Code d'erreur : 23000)
08-04-2024 13:47:20 Erreur : SQLSTATE[23000]: Integrity constraint violation: 1452 Cannot add or update a child row: a foreign key constraint fails (`gog`.`amp`, CONSTRAINT `amp_ibfk_1` FOREIGN KEY (`idGear`) REFERENCES `gear` (`idGear`)) (Code d'erreur : 23000)
08-04-2024 13:47:20 Erreur : SQLSTATE[23000]: Integrity constraint violation: 1062 Duplicate entry '63' for key 'idMusic' (Code d'erreur : 23000)
08-04-2024 13:52:29 Erreur : SQLSTATE[23000]: Integrity constraint violation: 1452 Cannot add or update a child row: a foreign key constraint fails (`gog`.`amp`, CONSTRAINT `amp_ibfk_1` FOREIGN KEY (`idGear`) REFERENCES `gear` (`idGear`)) (Code d'erreur : 23000)
08-04-2024 13:52:29 Erreur : SQLSTATE[23000]: Integrity constraint violation: 1062 Duplicate entry '63' for key 'idMusic' (Code d'erreur : 23000)
08-04-2024 15:54:07 Erreur : SQLSTATE[23000]: Integrity constraint violation: 1062 Duplicate entry '63' for key 'idMusic' (Code d'erreur : 23000)
08-04-2024 15:56:35 Erreur : SQLSTATE[23000]: Integrity constraint violation: 1062 Duplicate entry '63' for key 'idMusic' (Code d'erreur : 23000)
08-04-2024 16:17:50 Erreur : SQLSTATE[23000]: Integrity constraint violation: 1062 Duplicate entry '63' for key 'idMusic' (Code d'erreur : 23000)
08-04-2024 16:19:41 Erreur : SQLSTATE[23000]: Integrity constraint violation: 1062 Duplicate entry '0' for key 'PRIMARY' (Code d'erreur : 23000)
08-04-2024 16:19:41 Erreur : SQLSTATE[23000]: Integrity constraint violation: 1062 Duplicate entry '63' for key 'idMusic' (Code d'erreur : 23000)
08-04-2024 16:23:01 Erreur : SQLSTATE[23000]: Integrity constraint violation: 1062 Duplicate entry '63' for key 'idMusic' (Code d'erreur : 23000)
09-04-2024 12:18:10 Erreur : SQLSTATE[42000]: Syntax error or access violation: 1064 You have an error in your SQL syntax; check the manual that corresponds to your MariaDB server version for the right syntax to use near '.idMusic FROM music JOIN play USING (idMusic) JOIN guitarist USING (idGuitari...' at line 1 (Code d'erreur : 42000)
09-04-2024 12:18:10 Erreur : SQLSTATE[42000]: Syntax error or access violation: 1064 You have an error in your SQL syntax; check the manual that corresponds to your MariaDB server version for the right syntax to use near '.idMusic FROM music JOIN play USING (idMusic) JOIN guitarist USING (idGuitari...' at line 1 (Code d'erreur : 42000)
09-04-2024 12:18:10 Erreur : SQLSTATE[42000]: Syntax error or access violation: 1064 You have an error in your SQL syntax; check the manual that corresponds to your MariaDB server version for the right syntax to use near '.idMusic FROM music JOIN play USING (idMusic) JOIN guitarist USING (idGuitari...' at line 1 (Code d'erreur : 42000)
09-04-2024 12:20:58 Erreur : SQLSTATE[42000]: Syntax error or access violation: 1064 You have an error in your SQL syntax; check the manual that corresponds to your MariaDB server version for the right syntax to use near '.idMusic FROM music JOIN play USING (idMusic) JOIN guitarist USING (idGuitari...' at line 1 (Code d'erreur : 42000)
09-04-2024 12:20:58 Erreur : SQLSTATE[42000]: Syntax error or access violation: 1064 You have an error in your SQL syntax; check the manual that corresponds to your MariaDB server version for the right syntax to use near '.idMusic FROM music JOIN play USING (idMusic) JOIN guitarist USING (idGuitari...' at line 1 (Code d'erreur : 42000)
09-04-2024 12:20:58 Erreur : SQLSTATE[42000]: Syntax error or access violation: 1064 You have an error in your SQL syntax; check the manual that corresponds to your MariaDB server version for the right syntax to use near '.idMusic FROM music JOIN play USING (idMusic) JOIN guitarist USING (idGuitari...' at line 1 (Code d'erreur : 42000)
09-04-2024 12:21:09 Erreur : SQLSTATE[42000]: Syntax error or access violation: 1064 You have an error in your SQL syntax; check the manual that corresponds to your MariaDB server version for the right syntax to use near '.idMusic FROM music JOIN play USING (idMusic) JOIN guitarist USING (idGuitari...' at line 1 (Code d'erreur : 42000)
09-04-2024 12:21:09 Erreur : SQLSTATE[42000]: Syntax error or access violation: 1064 You have an error in your SQL syntax; check the manual that corresponds to your MariaDB server version for the right syntax to use near '.idMusic FROM music JOIN play USING (idMusic) JOIN guitarist USING (idGuitari...' at line 1 (Code d'erreur : 42000)
09-04-2024 12:21:09 Erreur : SQLSTATE[42000]: Syntax error or access violation: 1064 You have an error in your SQL syntax; check the manual that corresponds to your MariaDB server version for the right syntax to use near '.idMusic FROM music JOIN play USING (idMusic) JOIN guitarist USING (idGuitari...' at line 1 (Code d'erreur : 42000)
09-04-2024 12:22:16 Erreur : SQLSTATE[42000]: Syntax error or access violation: 1064 You have an error in your SQL syntax; check the manual that corresponds to your MariaDB server version for the right syntax to use near '.name, music.title FROM music JOIN play USING (idMusic) JOIN guitarist USING ...' at line 1 (Code d'erreur : 42000)
09-04-2024 12:22:16 Erreur : SQLSTATE[42000]: Syntax error or access violation: 1064 You have an error in your SQL syntax; check the manual that corresponds to your MariaDB server version for the right syntax to use near '.name, music.title FROM music JOIN play USING (idMusic) JOIN guitarist USING ...' at line 1 (Code d'erreur : 42000)
09-04-2024 12:22:16 Erreur : SQLSTATE[42000]: Syntax error or access violation: 1064 You have an error in your SQL syntax; check the manual that corresponds to your MariaDB server version for the right syntax to use near '.name, music.title FROM music JOIN play USING (idMusic) JOIN guitarist USING ...' at line 1 (Code d'erreur : 42000)
10-04-2024 11:36:57 Erreur : SQLSTATE[HY093]: Invalid parameter number: parameter was not defined (Code d'erreur : HY093)
10-04-2024 11:37:23 Erreur : SQLSTATE[HY093]: Invalid parameter number: parameter was not defined (Code d'erreur : HY093)
10-04-2024 11:37:45 Erreur : SQLSTATE[HY093]: Invalid parameter number: parameter was not defined (Code d'erreur : HY093)
10-04-2024 11:38:27 Erreur : SQLSTATE[HY093]: Invalid parameter number: parameter was not defined (Code d'erreur : HY093)
10-04-2024 11:39:13 Erreur : SQLSTATE[HY093]: Invalid parameter number: parameter was not defined (Code d'erreur : HY093)
10-04-2024 11:39:44 Erreur : SQLSTATE[HY093]: Invalid parameter number: parameter was not defined (Code d'erreur : HY093)
10-04-2024 11:40:26 Erreur : SQLSTATE[HY093]: Invalid parameter number: parameter was not defined (Code d'erreur : HY093)
10-04-2024 22:35:06 Erreur : SQLSTATE[42000]: Syntax error or access violation: 1064 You have an error in your SQL syntax; check the manual that corresponds to your MariaDB server version for the right syntax to use near '.name, music.title FROM music JOIN play USING (idMusic) JOIN guitarist USING ...' at line 1 (Code d'erreur : 42000)
10-04-2024 22:35:06 Erreur : SQLSTATE[42000]: Syntax error or access violation: 1064 You have an error in your SQL syntax; check the manual that corresponds to your MariaDB server version for the right syntax to use near '.name, music.title FROM music JOIN play USING (idMusic) JOIN guitarist USING ...' at line 1 (Code d'erreur : 42000)
10-04-2024 22:35:06 Erreur : SQLSTATE[42000]: Syntax error or access violation: 1064 You have an error in your SQL syntax; check the manual that corresponds to your MariaDB server version for the right syntax to use near '.name, music.title FROM music JOIN play USING (idMusic) JOIN guitarist USING ...' at line 1 (Code d'erreur : 42000)
10-04-2024 22:35:06 Erreur : SQLSTATE[42000]: Syntax error or access violation: 1064 You have an error in your SQL syntax; check the manual that corresponds to your MariaDB server version for the right syntax to use near '.name, music.title FROM music JOIN play USING (idMusic) JOIN guitarist USING ...' at line 1 (Code d'erreur : 42000)
10-04-2024 22:35:28 Erreur : SQLSTATE[42000]: Syntax error or access violation: 1064 You have an error in your SQL syntax; check the manual that corresponds to your MariaDB server version for the right syntax to use near '.idMusic FROM music JOIN play USING (idMusic) JOIN guitarist USING (idGuitari...' at line 1 (Code d'erreur : 42000)
10-04-2024 22:35:28 Erreur : SQLSTATE[42000]: Syntax error or access violation: 1064 You have an error in your SQL syntax; check the manual that corresponds to your MariaDB server version for the right syntax to use near '.idMusic FROM music JOIN play USING (idMusic) JOIN guitarist USING (idGuitari...' at line 1 (Code d'erreur : 42000)
10-04-2024 22:35:28 Erreur : SQLSTATE[42000]: Syntax error or access violation: 1064 You have an error in your SQL syntax; check the manual that corresponds to your MariaDB server version for the right syntax to use near '.idMusic FROM music JOIN play USING (idMusic) JOIN guitarist USING (idGuitari...' at line 1 (Code d'erreur : 42000)
10-04-2024 22:35:28 Erreur : SQLSTATE[42000]: Syntax error or access violation: 1064 You have an error in your SQL syntax; check the manual that corresponds to your MariaDB server version for the right syntax to use near '.idMusic FROM music JOIN play USING (idMusic) JOIN guitarist USING (idGuitari...' at line 1 (Code d'erreur : 42000)
11-04-2024 15:01:09 Erreur : SQLSTATE[42000]: Syntax error or access violation: 1064 You have an error in your SQL syntax; check the manual that corresponds to your MariaDB server version for the right syntax to use near '* from `useru` where idUser = '61'' at line 1 (Code d'erreur : 42000)
11-04-2024 15:01:37 Erreur : SQLSTATE[42000]: Syntax error or access violation: 1064 You have an error in your SQL syntax; check the manual that corresponds to your MariaDB server version for the right syntax to use near '* from `useru` where idUser = '61'' at line 1 (Code d'erreur : 42000)
11-04-2024 15:02:16 Erreur : SQLSTATE[42000]: Syntax error or access violation: 1064 You have an error in your SQL syntax; check the manual that corresponds to your MariaDB server version for the right syntax to use near '* from `useru` where idUser = '61'' at line 1 (Code d'erreur : 42000)
11-04-2024 15:02:46 Erreur : SQLSTATE[42000]: Syntax error or access violation: 1064 You have an error in your SQL syntax; check the manual that corresponds to your MariaDB server version for the right syntax to use near '* from `useru` where idUser = '61'' at line 1 (Code d'erreur : 42000)
11-04-2024 15:02:46 Erreur : SQLSTATE[42000]: Syntax error or access violation: 1064 You have an error in your SQL syntax; check the manual that corresponds to your MariaDB server version for the right syntax to use near '* from `useru` where idUser = '61'' at line 1 (Code d'erreur : 42000)
16-04-2024 11:01:19 Erreur : SQLSTATE[23000]: Integrity constraint violation: 1451 Cannot delete or update a parent row: a foreign key constraint fails (`gog`.`favorite`, CONSTRAINT `favorite_ibfk_1` FOREIGN KEY (`idUser`) REFERENCES `useru` (`idUser`)) (Code d'erreur : 23000)
